[debug] [2019-04-10T20:15:43.844Z] ----------------------------------------------------------------------
[debug] [2019-04-10T20:15:43.846Z] Command:       /usr/local/bin/node /usr/local/bin/firebase serve
[debug] [2019-04-10T20:15:43.846Z] CLI Version:   6.5.3
[debug] [2019-04-10T20:15:43.846Z] Platform:      darwin
[debug] [2019-04-10T20:15:43.846Z] Node Version:  v10.15.3
[debug] [2019-04-10T20:15:43.849Z] Time:          Wed Apr 10 2019 17:15:43 GMT-0300 (Argentina Standard Time)
[debug] [2019-04-10T20:15:43.849Z] ----------------------------------------------------------------------
[debug] 
[debug] [2019-04-10T20:15:43.859Z] > command requires scopes: ["email","openid","https://www.googleapis.com/auth/cloudplatformprojects.readonly","https://www.googleapis.com/auth/firebase","https://www.googleapis.com/auth/cloud-platform"]
[debug] [2019-04-10T20:15:43.860Z] > authorizing via signed-in user
[debug] [2019-04-10T20:15:43.860Z] [iam] checking project hotel-web2 for permissions ["firebase.projects.get"]
[debug] [2019-04-10T20:15:43.862Z] > refreshing access token with scopes: ["email","https://www.googleapis.com/auth/cloud-platform","https://www.googleapis.com/auth/cloudplatformprojects.readonly","https://www.googleapis.com/auth/firebase","openid"]
[debug] [2019-04-10T20:15:43.862Z] >>> HTTP REQUEST POST https://www.googleapis.com/oauth2/v3/token  
 <request body omitted>
[debug] [2019-04-10T20:15:44.099Z] <<< HTTP RESPONSE 200
[debug] [2019-04-10T20:15:44.116Z] >>> HTTP REQUEST POST https://cloudresourcemanager.googleapis.com/v1/projects/hotel-web2:testIamPermissions  

[debug] [2019-04-10T20:15:45.314Z] <<< HTTP RESPONSE 200
[debug] [2019-04-10T20:15:45.316Z] >>> HTTP REQUEST GET https://cloudresourcemanager.googleapis.com/v1/projects/hotel-web2  
 
[debug] [2019-04-10T20:15:46.444Z] <<< HTTP RESPONSE 200
[info] 
[info] === Serving from '/Users/luciano.martinez/Documents/Luchos/Front/Angular/Hotel'...
[info] 
[debug] [2019-04-10T20:15:46.446Z] >>> HTTP REQUEST GET https://mobilesdk-pa.googleapis.com/v1/projects/20018161694/clients/_:getWebAppConfig  
 
[debug] [2019-04-10T20:15:46.928Z] <<< HTTP RESPONSE 200
[info] i  hosting: Serving hosting files from: dist/Hotel
[info] ✔  hosting: Local server: http://localhost:5000
